<?xml version='1.0' encoding='UTF-8'?>
<testsuite hostname="thura-mbp.local" name="wikigraph.AsyncSuite" tests="10" errors="0" failures="0" skipped="0" time="0.928" timestamp="2024-01-27T16:24:22">
          <properties>
      <property name="java.specification.version" value="13"/><property name="sun.jnu.encoding" value="UTF-8"/><property name="sun.arch.data.model" value="64"/><property name="java.vendor.url" value="https://java.oracle.com/"/><property name="sun.boot.library.path" value="/Library/Java/JavaVirtualMachines/jdk-13.0.2.jdk/Contents/Home/lib"/><property name="sun.java.command" value="/Users/thurazaw/Library/Caches/Coursier/arc/https/github.com/sbt/sbt/releases/download/v1.9.4/sbt-1.9.4.zip/sbt/bin/sbt-launch.jar"/><property name="jdk.debug" value="release"/><property name="java.specification.vendor" value="Oracle Corporation"/><property name="java.version.date" value="2020-01-14"/><property name="java.home" value="/Library/Java/JavaVirtualMachines/jdk-13.0.2.jdk/Contents/Home"/><property name="file.separator" value="/"/><property name="java.vm.compressedOopsMode" value="Zero based"/><property name="line.separator" value="
"/><property name="java.vm.specification.vendor" value="Oracle Corporation"/><property name="java.specification.name" value="Java Platform API Specification"/><property name="sun.management.compiler" value="HotSpot 64-Bit Tiered Compilers"/><property name="java.runtime.version" value="13.0.2+8"/><property name="user.name" value="thurazaw"/><property name="log4j.ignoreTCL" value="true"/><property name="file.encoding" value="UTF-8"/><property name="jnidispatch.path" value="/Users/thurazaw/Library/Caches/JNA/temp/jna130176615926114432.tmp"/><property name="jna.loaded" value="true"/><property name="java.io.tmpdir" value="/var/folders/8c/5cmf1gvd6zb762dwg6dk89wh0000gn/T/"/><property name="java.version" value="13.0.2"/><property name="java.vm.specification.name" value="Java Virtual Machine Specification"/><property name="java.library.path" value="/Users/thurazaw/Library/Java/Extensions:/Library/Java/Extensions:/Network/Library/Java/Extensions:/System/Library/Java/Extensions:/usr/lib/java:."/><property name="java.vendor" value="Oracle Corporation"/><property name="scala.ext.dirs" value="/Users/thurazaw/.sbt/1.0/java9-rt-ext-oracle_corporation_13_0_2"/><property name="sun.io.unicode.encoding" value="UnicodeBig"/><property name="socksNonProxyHosts" value="local|*.local|169.254/16|*.169.254/16"/><property name="java.class.path" value="/Users/thurazaw/Library/Caches/Coursier/arc/https/github.com/sbt/sbt/releases/download/v1.9.4/sbt-1.9.4.zip/sbt/bin/sbt-launch.jar"/><property name="java.vm.vendor" value="Oracle Corporation"/><property name="jline.shutdownhook" value="false"/><property name="user.timezone" value="Asia/Bangkok"/><property name="java.vm.specification.version" value="13"/><property name="os.name" value="Mac OS X"/><property name="sun.java.launcher" value="SUN_STANDARD"/><property name="user.country" value="MM"/><property name="http.nonProxyHosts" value="local|*.local|169.254/16|*.169.254/16"/><property name="sun.cpu.endian" value="little"/><property name="user.home" value="/Users/thurazaw"/><property name="user.language" value="en"/><property name="sbt.script" value="/Users/thurazaw/Library/Caches/Coursier/arc/https/github.com/sbt/sbt/releases/download/v1.9.4/sbt-1.9.4.zip/sbt/bin/sbt"/><property name="sbt.ipcsocket.tmpdir" value="/var/folders/8c/5cmf1gvd6zb762dwg6dk89wh0000gn/T/.sbtce843251/ipcsocket"/><property name="swoval.tmpdir" value="/var/folders/8c/5cmf1gvd6zb762dwg6dk89wh0000gn/T/.sbtce843251/swoval"/><property name="jline.esc.timeout" value="0"/><property name="ftp.nonProxyHosts" value="local|*.local|169.254/16|*.169.254/16"/><property name="path.separator" value=":"/><property name="os.version" value="10.16"/><property name="jna.nosys" value="true"/><property name="java.runtime.name" value="Java(TM) SE Runtime Environment"/><property name="java.vm.name" value="Java HotSpot(TM) 64-Bit Server VM"/><property name="jna.platform.library.path" value="/usr/lib:/usr/lib"/><property name="java.vendor.url.bug" value="https://bugreport.java.com/bugreport/"/><property name="user.dir" value="/Users/thurazaw/Documents/GitHub/just-me-learning-scala/wikigraph"/><property name="os.arch" value="x86_64"/><property name="java.vm.info" value="mixed mode, sharing"/><property name="java.vm.version" value="13.0.2+8"/><property name="java.class.version" value="57.0"/>
    </properties>
          <testcase classname="wikigraph.AsyncSuite" name="transformSuccess should transform successful computations" time="0.004">
                      
                    </testcase><testcase classname="wikigraph.AsyncSuite" name="transformSuccess should propagate the failure of a failed computation" time="0.001">
                      
                    </testcase><testcase classname="wikigraph.AsyncSuite" name="recoverFailure should recover from failed computations" time="0.002">
                      
                    </testcase><testcase classname="wikigraph.AsyncSuite" name="recoverFailure should propagate successful computations" time="0.0">
                      
                    </testcase><testcase classname="wikigraph.AsyncSuite" name="sequenceComputations should start the second computation after the first has completed (2pts)" time="0.503">
                      
                    </testcase><testcase classname="wikigraph.AsyncSuite" name="sequenceComputations should not start the second computation if the first has failed (2pts)" time="0.003">
                      
                    </testcase><testcase classname="wikigraph.AsyncSuite" name="concurrentComputations should start both computations independently of each otherâ€™s completion (2pts)" time="0.406">
                      
                    </testcase><testcase classname="wikigraph.AsyncSuite" name="makeCake should be implemented (2pts)" time="0.005">
                      
                    </testcase><testcase classname="wikigraph.AsyncSuite" name="insist should not retry successful computations (2pts)" time="0.002">
                      
                    </testcase><testcase classname="wikigraph.AsyncSuite" name="insist should retry failed computations (2pts)" time="0.002">
                      
                    </testcase>
          <system-out><![CDATA[]]></system-out>
          <system-err><![CDATA[]]></system-err>
        </testsuite>